[27-Feb-2026 11:11:11 UTC] PHP Warning:  Undefined array key "pages" in C:\Users\WWS\Local Sites\tre-radio\app\public\wp-content\plugins\rate-my-post\common\class-rate-my-post-common.php on line 205
[27-Feb-2026 11:11:12 UTC] PHP Warning:  Cannot modify header information - headers already sent by (output started at C:\Users\WWS\Local Sites\tre-radio\app\public\wp-content\plugins\elementor\core\admin\editor-one-menu\elementor-one-menu-manager.php:200) in C:\Users\WWS\Local Sites\tre-radio\app\public\wp-includes\pluggable.php on line 1531
[27-Feb-2026 11:11:12 UTC] PHP Warning:  Cannot modify header information - headers already sent by (output started at C:\Users\WWS\Local Sites\tre-radio\app\public\wp-content\plugins\elementor\core\admin\editor-one-menu\elementor-one-menu-manager.php:200) in C:\Users\WWS\Local Sites\tre-radio\app\public\wp-includes\pluggable.php on line 1534
[27-Feb-2026 11:11:30 UTC] WordPress database error Can't DROP 'id'; check that column/key exists for query ALTER TABLE wp_rmp_analytics DROP INDEX id made by require_once('wp-load.php'), require_once('wp-config.php'), require_once('wp-settings.php'), do_action('plugins_loaded'), WP_Hook->do_action, WP_Hook->apply_filters, upgrade_rate_my_post, Rate_My_Post_Upgrader::upgrade
[27-Feb-2026 11:11:30 UTC] WordPress database error Can't DROP 'id'; check that column/key exists for query ALTER TABLE wp_rmp_analytics DROP INDEX id made by require_once('wp-load.php'), require_once('wp-config.php'), require_once('wp-settings.php'), do_action('plugins_loaded'), WP_Hook->do_action, WP_Hook->apply_filters, upgrade_rate_my_post, Rate_My_Post_Upgrader::upgrade
[27-Feb-2026 11:18:33 UTC] PHP Warning:  Attempt to read property "term_id" on bool in C:\Users\WWS\Local Sites\tre-radio\app\public\wp-content\themes\forcast\inc\admin\demo-import\functions.php on line 226
[27-Feb-2026 11:19:38 UTC] PHP Warning:  Undefined array key "postorder" in C:\Users\WWS\Local Sites\tre-radio\app\public\wp-content\plugins\forcast-plugin\inc\functions.php on line 164
[27-Feb-2026 11:19:38 UTC] PHP Warning:  Undefined array key "pst_per_page" in C:\Users\WWS\Local Sites\tre-radio\app\public\wp-content\plugins\forcast-plugin\inc\functions.php on line 165
[27-Feb-2026 11:19:39 UTC] PHP Warning:  Undefined array key "postorder" in C:\Users\WWS\Local Sites\tre-radio\app\public\wp-content\plugins\forcast-plugin\inc\functions.php on line 164
[27-Feb-2026 11:19:39 UTC] PHP Warning:  Undefined array key "pst_per_page" in C:\Users\WWS\Local Sites\tre-radio\app\public\wp-content\plugins\forcast-plugin\inc\functions.php on line 165
[27-Feb-2026 11:46:31 UTC] PHP Warning:  Attempt to read property "term_id" on bool in C:\Users\WWS\Local Sites\tre-radio\app\public\wp-content\themes\forcast\inc\admin\demo-import\functions.php on line 226
[27-Feb-2026 11:48:12 UTC] PHP Warning:  Attempt to read property "term_id" on bool in C:\Users\WWS\Local Sites\tre-radio\app\public\wp-content\themes\forcast\inc\admin\demo-import\functions.php on line 226
[02-Mar-2026 08:05:04 UTC] PHP Warning:  Undefined array key "mega-menu" in C:\Users\WWS\Local Sites\tre-radio\app\public\wp-content\plugins\elementor\modules\ai\connect\ai.php on line 794
[02-Mar-2026 08:05:04 UTC] PHP Warning:  Undefined array key "mega-menu" in C:\Users\WWS\Local Sites\tre-radio\app\public\wp-content\plugins\elementor\modules\ai\connect\ai.php on line 794
[02-Mar-2026 08:05:11 UTC] PHP Warning:  Undefined array key "mega-menu" in C:\Users\WWS\Local Sites\tre-radio\app\public\wp-content\plugins\elementor\modules\ai\connect\ai.php on line 794
[02-Mar-2026 08:05:44 UTC] PHP Warning:  Undefined array key "mega-menu" in C:\Users\WWS\Local Sites\tre-radio\app\public\wp-content\plugins\elementor\modules\ai\connect\ai.php on line 794
[02-Mar-2026 08:05:44 UTC] PHP Warning:  Undefined array key "mega-menu" in C:\Users\WWS\Local Sites\tre-radio\app\public\wp-content\plugins\elementor\modules\ai\connect\ai.php on line 794
[02-Mar-2026 08:05:50 UTC] PHP Warning:  Trying to access array offset on value of type bool in C:\Users\WWS\Local Sites\tre-radio\app\public\wp-content\plugins\elementor\includes\managers\image.php on line 113
[02-Mar-2026 08:05:50 UTC] PHP Warning:  Trying to access array offset on value of type bool in C:\Users\WWS\Local Sites\tre-radio\app\public\wp-content\plugins\elementor\includes\managers\image.php on line 113
[02-Mar-2026 08:05:50 UTC] PHP Warning:  Trying to access array offset on value of type bool in C:\Users\WWS\Local Sites\tre-radio\app\public\wp-content\plugins\elementor\includes\managers\image.php on line 113
[02-Mar-2026 08:05:50 UTC] PHP Warning:  Trying to access array offset on value of type bool in C:\Users\WWS\Local Sites\tre-radio\app\public\wp-content\plugins\elementor\includes\managers\image.php on line 113
[02-Mar-2026 08:05:50 UTC] PHP Warning:  Trying to access array offset on value of type bool in C:\Users\WWS\Local Sites\tre-radio\app\public\wp-content\plugins\elementor\includes\managers\image.php on line 113
[02-Mar-2026 08:05:50 UTC] PHP Warning:  Trying to access array offset on value of type bool in C:\Users\WWS\Local Sites\tre-radio\app\public\wp-content\plugins\elementor\includes\managers\image.php on line 113
[02-Mar-2026 08:05:50 UTC] PHP Warning:  Trying to access array offset on value of type bool in C:\Users\WWS\Local Sites\tre-radio\app\public\wp-content\plugins\elementor\includes\managers\image.php on line 113
[02-Mar-2026 08:05:50 UTC] PHP Warning:  Trying to access array offset on value of type bool in C:\Users\WWS\Local Sites\tre-radio\app\public\wp-content\plugins\elementor\includes\managers\image.php on line 113
[02-Mar-2026 08:05:50 UTC] PHP Warning:  Trying to access array offset on value of type bool in C:\Users\WWS\Local Sites\tre-radio\app\public\wp-content\plugins\elementor\includes\managers\image.php on line 113
[02-Mar-2026 08:05:50 UTC] PHP Warning:  Trying to access array offset on value of type bool in C:\Users\WWS\Local Sites\tre-radio\app\public\wp-content\plugins\elementor\includes\managers\image.php on line 113
[02-Mar-2026 08:05:50 UTC] PHP Warning:  Trying to access array offset on value of type bool in C:\Users\WWS\Local Sites\tre-radio\app\public\wp-content\plugins\elementor\includes\managers\image.php on line 113
[02-Mar-2026 08:05:50 UTC] PHP Warning:  Trying to access array offset on value of type bool in C:\Users\WWS\Local Sites\tre-radio\app\public\wp-content\plugins\elementor\includes\managers\image.php on line 113
[02-Mar-2026 08:05:50 UTC] PHP Warning:  Trying to access array offset on value of type bool in C:\Users\WWS\Local Sites\tre-radio\app\public\wp-content\plugins\elementor\includes\managers\image.php on line 113
[02-Mar-2026 08:05:50 UTC] PHP Warning:  Trying to access array offset on value of type bool in C:\Users\WWS\Local Sites\tre-radio\app\public\wp-content\plugins\elementor\includes\managers\image.php on line 113
[02-Mar-2026 08:05:50 UTC] PHP Warning:  Trying to access array offset on value of type bool in C:\Users\WWS\Local Sites\tre-radio\app\public\wp-content\plugins\elementor\includes\managers\image.php on line 113
[02-Mar-2026 08:05:50 UTC] PHP Warning:  Trying to access array offset on value of type bool in C:\Users\WWS\Local Sites\tre-radio\app\public\wp-content\plugins\elementor\includes\managers\image.php on line 113
[02-Mar-2026 08:05:50 UTC] PHP Warning:  Trying to access array offset on value of type bool in C:\Users\WWS\Local Sites\tre-radio\app\public\wp-content\plugins\elementor\includes\managers\image.php on line 113
[02-Mar-2026 08:05:50 UTC] PHP Warning:  Trying to access array offset on value of type bool in C:\Users\WWS\Local Sites\tre-radio\app\public\wp-content\plugins\elementor\includes\managers\image.php on line 113
[02-Mar-2026 08:05:50 UTC] PHP Warning:  Trying to access array offset on value of type bool in C:\Users\WWS\Local Sites\tre-radio\app\public\wp-content\plugins\elementor\includes\managers\image.php on line 113
[02-Mar-2026 08:05:50 UTC] PHP Warning:  Trying to access array offset on value of type bool in C:\Users\WWS\Local Sites\tre-radio\app\public\wp-content\plugins\elementor\includes\managers\image.php on line 113
[02-Mar-2026 08:05:50 UTC] PHP Warning:  Trying to access array offset on value of type bool in C:\Users\WWS\Local Sites\tre-radio\app\public\wp-content\plugins\elementor\includes\managers\image.php on line 113
[02-Mar-2026 08:05:50 UTC] PHP Warning:  Trying to access array offset on value of type bool in C:\Users\WWS\Local Sites\tre-radio\app\public\wp-content\plugins\elementor\includes\managers\image.php on line 113
[02-Mar-2026 08:05:50 UTC] PHP Warning:  Trying to access array offset on value of type bool in C:\Users\WWS\Local Sites\tre-radio\app\public\wp-content\plugins\elementor\includes\managers\image.php on line 113
[02-Mar-2026 08:05:50 UTC] PHP Warning:  Trying to access array offset on value of type bool in C:\Users\WWS\Local Sites\tre-radio\app\public\wp-content\plugins\elementor\includes\managers\image.php on line 113
[02-Mar-2026 08:05:50 UTC] PHP Warning:  Trying to access array offset on value of type bool in C:\Users\WWS\Local Sites\tre-radio\app\public\wp-content\plugins\elementor\includes\managers\image.php on line 113
[02-Mar-2026 08:05:50 UTC] PHP Warning:  Trying to access array offset on value of type bool in C:\Users\WWS\Local Sites\tre-radio\app\public\wp-content\plugins\elementor\includes\managers\image.php on line 113
[02-Mar-2026 08:05:50 UTC] PHP Warning:  Trying to access array offset on value of type bool in C:\Users\WWS\Local Sites\tre-radio\app\public\wp-content\plugins\elementor\includes\managers\image.php on line 113
[02-Mar-2026 08:05:50 UTC] PHP Warning:  Trying to access array offset on value of type bool in C:\Users\WWS\Local Sites\tre-radio\app\public\wp-content\plugins\elementor\includes\managers\image.php on line 113
[02-Mar-2026 08:05:50 UTC] PHP Warning:  Trying to access array offset on value of type bool in C:\Users\WWS\Local Sites\tre-radio\app\public\wp-content\plugins\elementor\includes\managers\image.php on line 113
[02-Mar-2026 08:05:50 UTC] PHP Warning:  Trying to access array offset on value of type bool in C:\Users\WWS\Local Sites\tre-radio\app\public\wp-content\plugins\elementor\includes\managers\image.php on line 113
[02-Mar-2026 08:05:50 UTC] PHP Warning:  Trying to access array offset on value of type bool in C:\Users\WWS\Local Sites\tre-radio\app\public\wp-content\plugins\elementor\includes\managers\image.php on line 113
[02-Mar-2026 08:05:50 UTC] PHP Warning:  Trying to access array offset on value of type bool in C:\Users\WWS\Local Sites\tre-radio\app\public\wp-content\plugins\elementor\includes\managers\image.php on line 113
[02-Mar-2026 08:05:50 UTC] PHP Warning:  Trying to access array offset on value of type bool in C:\Users\WWS\Local Sites\tre-radio\app\public\wp-content\plugins\elementor\includes\managers\image.php on line 113
[02-Mar-2026 08:05:50 UTC] PHP Warning:  Trying to access array offset on value of type bool in C:\Users\WWS\Local Sites\tre-radio\app\public\wp-content\plugins\elementor\includes\managers\image.php on line 113
[02-Mar-2026 08:05:50 UTC] PHP Warning:  Trying to access array offset on value of type bool in C:\Users\WWS\Local Sites\tre-radio\app\public\wp-content\plugins\elementor\includes\managers\image.php on line 113
[02-Mar-2026 08:05:50 UTC] PHP Warning:  Trying to access array offset on value of type bool in C:\Users\WWS\Local Sites\tre-radio\app\public\wp-content\plugins\elementor\includes\managers\image.php on line 113
[02-Mar-2026 08:05:50 UTC] PHP Warning:  Trying to access array offset on value of type bool in C:\Users\WWS\Local Sites\tre-radio\app\public\wp-content\plugins\elementor\includes\managers\image.php on line 113
[02-Mar-2026 08:05:50 UTC] PHP Warning:  Trying to access array offset on value of type bool in C:\Users\WWS\Local Sites\tre-radio\app\public\wp-content\plugins\elementor\includes\managers\image.php on line 113
[02-Mar-2026 08:05:50 UTC] PHP Warning:  Trying to access array offset on value of type bool in C:\Users\WWS\Local Sites\tre-radio\app\public\wp-content\plugins\elementor\includes\managers\image.php on line 113
[02-Mar-2026 08:05:50 UTC] PHP Warning:  Trying to access array offset on value of type bool in C:\Users\WWS\Local Sites\tre-radio\app\public\wp-content\plugins\elementor\includes\managers\image.php on line 113
[02-Mar-2026 08:05:50 UTC] PHP Warning:  Trying to access array offset on value of type bool in C:\Users\WWS\Local Sites\tre-radio\app\public\wp-content\plugins\elementor\includes\managers\image.php on line 113
[02-Mar-2026 08:05:50 UTC] PHP Warning:  Trying to access array offset on value of type bool in C:\Users\WWS\Local Sites\tre-radio\app\public\wp-content\plugins\elementor\includes\managers\image.php on line 113
[02-Mar-2026 08:05:50 UTC] PHP Warning:  Trying to access array offset on value of type bool in C:\Users\WWS\Local Sites\tre-radio\app\public\wp-content\plugins\elementor\includes\managers\image.php on line 113
[02-Mar-2026 08:05:50 UTC] PHP Warning:  Trying to access array offset on value of type bool in C:\Users\WWS\Local Sites\tre-radio\app\public\wp-content\plugins\elementor\includes\managers\image.php on line 113
[02-Mar-2026 08:05:50 UTC] PHP Warning:  Trying to access array offset on value of type bool in C:\Users\WWS\Local Sites\tre-radio\app\public\wp-content\plugins\elementor\includes\managers\image.php on line 113
[02-Mar-2026 08:05:50 UTC] PHP Warning:  Trying to access array offset on value of type bool in C:\Users\WWS\Local Sites\tre-radio\app\public\wp-content\plugins\elementor\includes\managers\image.php on line 113
[02-Mar-2026 08:05:50 UTC] PHP Warning:  Trying to access array offset on value of type bool in C:\Users\WWS\Local Sites\tre-radio\app\public\wp-content\plugins\elementor\includes\managers\image.php on line 113
[02-Mar-2026 08:05:50 UTC] PHP Warning:  Trying to access array offset on value of type bool in C:\Users\WWS\Local Sites\tre-radio\app\public\wp-content\plugins\elementor\includes\managers\image.php on line 113
[02-Mar-2026 08:05:50 UTC] PHP Warning:  Trying to access array offset on value of type bool in C:\Users\WWS\Local Sites\tre-radio\app\public\wp-content\plugins\elementor\includes\managers\image.php on line 113
[02-Mar-2026 08:05:50 UTC] PHP Warning:  Trying to access array offset on value of type bool in C:\Users\WWS\Local Sites\tre-radio\app\public\wp-content\plugins\elementor\includes\managers\image.php on line 113
[02-Mar-2026 08:05:50 UTC] PHP Warning:  Trying to access array offset on value of type bool in C:\Users\WWS\Local Sites\tre-radio\app\public\wp-content\plugins\elementor\includes\managers\image.php on line 113
[02-Mar-2026 08:05:50 UTC] PHP Warning:  Trying to access array offset on value of type bool in C:\Users\WWS\Local Sites\tre-radio\app\public\wp-content\plugins\elementor\includes\managers\image.php on line 113
[02-Mar-2026 08:05:50 UTC] PHP Warning:  Trying to access array offset on value of type bool in C:\Users\WWS\Local Sites\tre-radio\app\public\wp-content\plugins\elementor\includes\managers\image.php on line 113
[02-Mar-2026 08:05:50 UTC] PHP Warning:  Trying to access array offset on value of type bool in C:\Users\WWS\Local Sites\tre-radio\app\public\wp-content\plugins\elementor\includes\managers\image.php on line 113
[02-Mar-2026 08:05:50 UTC] PHP Warning:  Trying to access array offset on value of type bool in C:\Users\WWS\Local Sites\tre-radio\app\public\wp-content\plugins\elementor\includes\managers\image.php on line 113
[02-Mar-2026 08:05:50 UTC] PHP Warning:  Trying to access array offset on value of type bool in C:\Users\WWS\Local Sites\tre-radio\app\public\wp-content\plugins\elementor\includes\managers\image.php on line 113
[02-Mar-2026 08:05:50 UTC] PHP Warning:  Trying to access array offset on value of type bool in C:\Users\WWS\Local Sites\tre-radio\app\public\wp-content\plugins\elementor\includes\managers\image.php on line 113
[02-Mar-2026 08:05:50 UTC] PHP Warning:  Trying to access array offset on value of type bool in C:\Users\WWS\Local Sites\tre-radio\app\public\wp-content\plugins\elementor\includes\managers\image.php on line 113
[02-Mar-2026 08:05:50 UTC] PHP Warning:  Trying to access array offset on value of type bool in C:\Users\WWS\Local Sites\tre-radio\app\public\wp-content\plugins\elementor\includes\managers\image.php on line 113
[02-Mar-2026 08:05:50 UTC] PHP Warning:  Trying to access array offset on value of type bool in C:\Users\WWS\Local Sites\tre-radio\app\public\wp-content\plugins\elementor\includes\managers\image.php on line 113
[02-Mar-2026 08:05:50 UTC] PHP Warning:  Trying to access array offset on value of type bool in C:\Users\WWS\Local Sites\tre-radio\app\public\wp-content\plugins\elementor\includes\managers\image.php on line 113
[02-Mar-2026 08:05:50 UTC] PHP Warning:  Trying to access array offset on value of type bool in C:\Users\WWS\Local Sites\tre-radio\app\public\wp-content\plugins\elementor\includes\managers\image.php on line 113
[02-Mar-2026 08:05:50 UTC] PHP Warning:  Trying to access array offset on value of type bool in C:\Users\WWS\Local Sites\tre-radio\app\public\wp-content\plugins\elementor\includes\managers\image.php on line 113
[02-Mar-2026 08:05:50 UTC] PHP Warning:  Trying to access array offset on value of type bool in C:\Users\WWS\Local Sites\tre-radio\app\public\wp-content\plugins\elementor\includes\managers\image.php on line 113
[02-Mar-2026 08:05:50 UTC] PHP Warning:  Trying to access array offset on value of type bool in C:\Users\WWS\Local Sites\tre-radio\app\public\wp-content\plugins\elementor\includes\managers\image.php on line 113
[02-Mar-2026 08:05:50 UTC] PHP Warning:  Trying to access array offset on value of type bool in C:\Users\WWS\Local Sites\tre-radio\app\public\wp-content\plugins\elementor\includes\managers\image.php on line 113
[02-Mar-2026 08:05:50 UTC] PHP Warning:  Trying to access array offset on value of type bool in C:\Users\WWS\Local Sites\tre-radio\app\public\wp-content\plugins\elementor\includes\managers\image.php on line 113
[02-Mar-2026 08:05:50 UTC] PHP Warning:  Trying to access array offset on value of type bool in C:\Users\WWS\Local Sites\tre-radio\app\public\wp-content\plugins\elementor\includes\managers\image.php on line 113
[02-Mar-2026 08:05:50 UTC] PHP Warning:  Trying to access array offset on value of type bool in C:\Users\WWS\Local Sites\tre-radio\app\public\wp-content\plugins\elementor\includes\managers\image.php on line 113
[02-Mar-2026 08:05:50 UTC] PHP Warning:  Trying to access array offset on value of type bool in C:\Users\WWS\Local Sites\tre-radio\app\public\wp-content\plugins\elementor\includes\managers\image.php on line 113
[02-Mar-2026 08:05:50 UTC] PHP Warning:  Trying to access array offset on value of type bool in C:\Users\WWS\Local Sites\tre-radio\app\public\wp-content\plugins\elementor\includes\managers\image.php on line 113
[02-Mar-2026 08:05:50 UTC] PHP Warning:  Trying to access array offset on value of type bool in C:\Users\WWS\Local Sites\tre-radio\app\public\wp-content\plugins\elementor\includes\managers\image.php on line 113
[02-Mar-2026 08:05:56 UTC] PHP Warning:  Undefined array key "mega-menu" in C:\Users\WWS\Local Sites\tre-radio\app\public\wp-content\plugins\elementor\modules\ai\connect\ai.php on line 794
[02-Mar-2026 08:05:57 UTC] PHP Warning:  Trying to access array offset on value of type bool in C:\Users\WWS\Local Sites\tre-radio\app\public\wp-content\plugins\elementor\includes\managers\image.php on line 113
[02-Mar-2026 08:05:57 UTC] PHP Warning:  Trying to access array offset on value of type bool in C:\Users\WWS\Local Sites\tre-radio\app\public\wp-content\plugins\elementor\includes\managers\image.php on line 113
[02-Mar-2026 08:05:57 UTC] PHP Warning:  Trying to access array offset on value of type bool in C:\Users\WWS\Local Sites\tre-radio\app\public\wp-content\plugins\elementor\includes\managers\image.php on line 113
[02-Mar-2026 08:05:57 UTC] PHP Warning:  Trying to access array offset on value of type bool in C:\Users\WWS\Local Sites\tre-radio\app\public\wp-content\plugins\elementor\includes\managers\image.php on line 113
[02-Mar-2026 08:05:57 UTC] PHP Warning:  Trying to access array offset on value of type bool in C:\Users\WWS\Local Sites\tre-radio\app\public\wp-content\plugins\elementor\includes\managers\image.php on line 113
[02-Mar-2026 08:05:57 UTC] PHP Warning:  Trying to access array offset on value of type bool in C:\Users\WWS\Local Sites\tre-radio\app\public\wp-content\plugins\elementor\includes\managers\image.php on line 113
[02-Mar-2026 08:05:57 UTC] PHP Warning:  Trying to access array offset on value of type bool in C:\Users\WWS\Local Sites\tre-radio\app\public\wp-content\plugins\elementor\includes\managers\image.php on line 113
[02-Mar-2026 08:05:57 UTC] PHP Warning:  Trying to access array offset on value of type bool in C:\Users\WWS\Local Sites\tre-radio\app\public\wp-content\plugins\elementor\includes\managers\image.php on line 113
[02-Mar-2026 08:05:57 UTC] PHP Warning:  Trying to access array offset on value of type bool in C:\Users\WWS\Local Sites\tre-radio\app\public\wp-content\plugins\elementor\includes\managers\image.php on line 113
[02-Mar-2026 08:05:57 UTC] PHP Warning:  Trying to access array offset on value of type bool in C:\Users\WWS\Local Sites\tre-radio\app\public\wp-content\plugins\elementor\includes\managers\image.php on line 113
[02-Mar-2026 08:05:57 UTC] PHP Warning:  Trying to access array offset on value of type bool in C:\Users\WWS\Local Sites\tre-radio\app\public\wp-content\plugins\elementor\includes\managers\image.php on line 113
[02-Mar-2026 08:05:57 UTC] PHP Warning:  Trying to access array offset on value of type bool in C:\Users\WWS\Local Sites\tre-radio\app\public\wp-content\plugins\elementor\includes\managers\image.php on line 113
[02-Mar-2026 08:05:57 UTC] PHP Warning:  Trying to access array offset on value of type bool in C:\Users\WWS\Local Sites\tre-radio\app\public\wp-content\plugins\elementor\includes\managers\image.php on line 113
[02-Mar-2026 08:05:57 UTC] PHP Warning:  Trying to access array offset on value of type bool in C:\Users\WWS\Local Sites\tre-radio\app\public\wp-content\plugins\elementor\includes\managers\image.php on line 113
[02-Mar-2026 08:05:57 UTC] PHP Warning:  Trying to access array offset on value of type bool in C:\Users\WWS\Local Sites\tre-radio\app\public\wp-content\plugins\elementor\includes\managers\image.php on line 113
[02-Mar-2026 08:05:57 UTC] PHP Warning:  Trying to access array offset on value of type bool in C:\Users\WWS\Local Sites\tre-radio\app\public\wp-content\plugins\elementor\includes\managers\image.php on line 113
[02-Mar-2026 08:05:57 UTC] PHP Warning:  Trying to access array offset on value of type bool in C:\Users\WWS\Local Sites\tre-radio\app\public\wp-content\plugins\elementor\includes\managers\image.php on line 113
[02-Mar-2026 08:05:57 UTC] PHP Warning:  Trying to access array offset on value of type bool in C:\Users\WWS\Local Sites\tre-radio\app\public\wp-content\plugins\elementor\includes\managers\image.php on line 113
[02-Mar-2026 08:05:57 UTC] PHP Warning:  Trying to access array offset on value of type bool in C:\Users\WWS\Local Sites\tre-radio\app\public\wp-content\plugins\elementor\includes\managers\image.php on line 113
[02-Mar-2026 08:05:57 UTC] PHP Warning:  Trying to access array offset on value of type bool in C:\Users\WWS\Local Sites\tre-radio\app\public\wp-content\plugins\elementor\includes\managers\image.php on line 113
[02-Mar-2026 08:05:57 UTC] PHP Warning:  Trying to access array offset on value of type bool in C:\Users\WWS\Local Sites\tre-radio\app\public\wp-content\plugins\elementor\includes\managers\image.php on line 113
[02-Mar-2026 08:05:57 UTC] PHP Warning:  Trying to access array offset on value of type bool in C:\Users\WWS\Local Sites\tre-radio\app\public\wp-content\plugins\elementor\includes\managers\image.php on line 113
[02-Mar-2026 08:05:57 UTC] PHP Warning:  Trying to access array offset on value of type bool in C:\Users\WWS\Local Sites\tre-radio\app\public\wp-content\plugins\elementor\includes\managers\image.php on line 113
[02-Mar-2026 08:05:57 UTC] PHP Warning:  Trying to access array offset on value of type bool in C:\Users\WWS\Local Sites\tre-radio\app\public\wp-content\plugins\elementor\includes\managers\image.php on line 113
[02-Mar-2026 08:05:57 UTC] PHP Warning:  Trying to access array offset on value of type bool in C:\Users\WWS\Local Sites\tre-radio\app\public\wp-content\plugins\elementor\includes\managers\image.php on line 113
[02-Mar-2026 08:05:57 UTC] PHP Warning:  Trying to access array offset on value of type bool in C:\Users\WWS\Local Sites\tre-radio\app\public\wp-content\plugins\elementor\includes\managers\image.php on line 113
[02-Mar-2026 08:05:57 UTC] PHP Warning:  Trying to access array offset on value of type bool in C:\Users\WWS\Local Sites\tre-radio\app\public\wp-content\plugins\elementor\includes\managers\image.php on line 113
[02-Mar-2026 08:05:57 UTC] PHP Warning:  Trying to access array offset on value of type bool in C:\Users\WWS\Local Sites\tre-radio\app\public\wp-content\plugins\elementor\includes\managers\image.php on line 113
[02-Mar-2026 08:05:57 UTC] PHP Warning:  Trying to access array offset on value of type bool in C:\Users\WWS\Local Sites\tre-radio\app\public\wp-content\plugins\elementor\includes\managers\image.php on line 113
[02-Mar-2026 08:05:57 UTC] PHP Warning:  Trying to access array offset on value of type bool in C:\Users\WWS\Local Sites\tre-radio\app\public\wp-content\plugins\elementor\includes\managers\image.php on line 113
[02-Mar-2026 08:05:57 UTC] PHP Warning:  Trying to access array offset on value of type bool in C:\Users\WWS\Local Sites\tre-radio\app\public\wp-content\plugins\elementor\includes\managers\image.php on line 113
[02-Mar-2026 08:05:57 UTC] PHP Warning:  Trying to access array offset on value of type bool in C:\Users\WWS\Local Sites\tre-radio\app\public\wp-content\plugins\elementor\includes\managers\image.php on line 113
[02-Mar-2026 08:05:57 UTC] PHP Warning:  Trying to access array offset on value of type bool in C:\Users\WWS\Local Sites\tre-radio\app\public\wp-content\plugins\elementor\includes\managers\image.php on line 113
[02-Mar-2026 08:05:57 UTC] PHP Warning:  Trying to access array offset on value of type bool in C:\Users\WWS\Local Sites\tre-radio\app\public\wp-content\plugins\elementor\includes\managers\image.php on line 113
[02-Mar-2026 08:05:57 UTC] PHP Warning:  Trying to access array offset on value of type bool in C:\Users\WWS\Local Sites\tre-radio\app\public\wp-content\plugins\elementor\includes\managers\image.php on line 113
[02-Mar-2026 08:05:57 UTC] PHP Warning:  Trying to access array offset on value of type bool in C:\Users\WWS\Local Sites\tre-radio\app\public\wp-content\plugins\elementor\includes\managers\image.php on line 113
[02-Mar-2026 08:06:02 UTC] PHP Warning:  Trying to access array offset on value of type bool in C:\Users\WWS\Local Sites\tre-radio\app\public\wp-content\plugins\elementor\includes\managers\image.php on line 113
[02-Mar-2026 08:06:02 UTC] PHP Warning:  Trying to access array offset on value of type bool in C:\Users\WWS\Local Sites\tre-radio\app\public\wp-content\plugins\elementor\includes\managers\image.php on line 113
[02-Mar-2026 08:06:02 UTC] PHP Warning:  Trying to access array offset on value of type bool in C:\Users\WWS\Local Sites\tre-radio\app\public\wp-content\plugins\elementor\includes\managers\image.php on line 113
[02-Mar-2026 08:06:02 UTC] PHP Warning:  Trying to access array offset on value of type bool in C:\Users\WWS\Local Sites\tre-radio\app\public\wp-content\plugins\elementor\includes\managers\image.php on line 113
[02-Mar-2026 08:06:02 UTC] PHP Warning:  Trying to access array offset on value of type bool in C:\Users\WWS\Local Sites\tre-radio\app\public\wp-content\plugins\elementor\includes\managers\image.php on line 113
[02-Mar-2026 08:06:02 UTC] PHP Warning:  Trying to access array offset on value of type bool in C:\Users\WWS\Local Sites\tre-radio\app\public\wp-content\plugins\elementor\includes\managers\image.php on line 113
[02-Mar-2026 08:06:02 UTC] PHP Warning:  Trying to access array offset on value of type bool in C:\Users\WWS\Local Sites\tre-radio\app\public\wp-content\plugins\elementor\includes\managers\image.php on line 113
[02-Mar-2026 08:06:02 UTC] PHP Warning:  Trying to access array offset on value of type bool in C:\Users\WWS\Local Sites\tre-radio\app\public\wp-content\plugins\elementor\includes\managers\image.php on line 113
[02-Mar-2026 08:06:02 UTC] PHP Warning:  Trying to access array offset on value of type bool in C:\Users\WWS\Local Sites\tre-radio\app\public\wp-content\plugins\elementor\includes\managers\image.php on line 113
[02-Mar-2026 08:06:02 UTC] PHP Warning:  Trying to access array offset on value of type bool in C:\Users\WWS\Local Sites\tre-radio\app\public\wp-content\plugins\elementor\includes\managers\image.php on line 113
[02-Mar-2026 08:06:02 UTC] PHP Warning:  Trying to access array offset on value of type bool in C:\Users\WWS\Local Sites\tre-radio\app\public\wp-content\plugins\elementor\includes\managers\image.php on line 113
[02-Mar-2026 08:06:02 UTC] PHP Warning:  Trying to access array offset on value of type bool in C:\Users\WWS\Local Sites\tre-radio\app\public\wp-content\plugins\elementor\includes\managers\image.php on line 113
[02-Mar-2026 08:06:47 UTC] PHP Warning:  Trying to access array offset on value of type bool in C:\Users\WWS\Local Sites\tre-radio\app\public\wp-content\plugins\elementor\includes\managers\image.php on line 113
[02-Mar-2026 08:06:47 UTC] PHP Warning:  Trying to access array offset on value of type bool in C:\Users\WWS\Local Sites\tre-radio\app\public\wp-content\plugins\elementor\includes\managers\image.php on line 113
[02-Mar-2026 08:06:47 UTC] PHP Warning:  Trying to access array offset on value of type bool in C:\Users\WWS\Local Sites\tre-radio\app\public\wp-content\plugins\elementor\includes\managers\image.php on line 113
[02-Mar-2026 08:06:47 UTC] PHP Warning:  Trying to access array offset on value of type bool in C:\Users\WWS\Local Sites\tre-radio\app\public\wp-content\plugins\elementor\includes\managers\image.php on line 113
[02-Mar-2026 08:06:47 UTC] PHP Warning:  Trying to access array offset on value of type bool in C:\Users\WWS\Local Sites\tre-radio\app\public\wp-content\plugins\elementor\includes\managers\image.php on line 113
[02-Mar-2026 08:06:47 UTC] PHP Warning:  Trying to access array offset on value of type bool in C:\Users\WWS\Local Sites\tre-radio\app\public\wp-content\plugins\elementor\includes\managers\image.php on line 113
[02-Mar-2026 08:06:47 UTC] PHP Warning:  Trying to access array offset on value of type bool in C:\Users\WWS\Local Sites\tre-radio\app\public\wp-content\plugins\elementor\includes\managers\image.php on line 113
[02-Mar-2026 08:06:47 UTC] PHP Warning:  Trying to access array offset on value of type bool in C:\Users\WWS\Local Sites\tre-radio\app\public\wp-content\plugins\elementor\includes\managers\image.php on line 113
[02-Mar-2026 08:06:47 UTC] PHP Warning:  Trying to access array offset on value of type bool in C:\Users\WWS\Local Sites\tre-radio\app\public\wp-content\plugins\elementor\includes\managers\image.php on line 113
[02-Mar-2026 08:06:47 UTC] PHP Warning:  Trying to access array offset on value of type bool in C:\Users\WWS\Local Sites\tre-radio\app\public\wp-content\plugins\elementor\includes\managers\image.php on line 113
[02-Mar-2026 08:06:47 UTC] PHP Warning:  Trying to access array offset on value of type bool in C:\Users\WWS\Local Sites\tre-radio\app\public\wp-content\plugins\elementor\includes\managers\image.php on line 113
[02-Mar-2026 08:06:47 UTC] PHP Warning:  Trying to access array offset on value of type bool in C:\Users\WWS\Local Sites\tre-radio\app\public\wp-content\plugins\elementor\includes\managers\image.php on line 113
[02-Mar-2026 08:06:49 UTC] PHP Warning:  Trying to access array offset on value of type bool in C:\Users\WWS\Local Sites\tre-radio\app\public\wp-content\plugins\elementor\includes\managers\image.php on line 113
[02-Mar-2026 08:06:49 UTC] PHP Warning:  Trying to access array offset on value of type bool in C:\Users\WWS\Local Sites\tre-radio\app\public\wp-content\plugins\elementor\includes\managers\image.php on line 113
[02-Mar-2026 08:06:49 UTC] PHP Warning:  Trying to access array offset on value of type bool in C:\Users\WWS\Local Sites\tre-radio\app\public\wp-content\plugins\elementor\includes\managers\image.php on line 113
[02-Mar-2026 08:06:49 UTC] PHP Warning:  Trying to access array offset on value of type bool in C:\Users\WWS\Local Sites\tre-radio\app\public\wp-content\plugins\elementor\includes\managers\image.php on line 113
[02-Mar-2026 08:07:40 UTC] PHP Warning:  Undefined array key "id" in C:\Users\WWS\Local Sites\tre-radio\app\public\wp-content\plugins\elementor\includes\managers\image.php on line 41
[02-Mar-2026 08:07:40 UTC] PHP Warning:  Undefined array key "id" in C:\Users\WWS\Local Sites\tre-radio\app\public\wp-content\plugins\elementor\includes\managers\image.php on line 41
[02-Mar-2026 08:07:40 UTC] PHP Warning:  Trying to access array offset on value of type bool in C:\Users\WWS\Local Sites\tre-radio\app\public\wp-content\plugins\elementor\includes\managers\image.php on line 113
[02-Mar-2026 08:07:40 UTC] PHP Warning:  Trying to access array offset on value of type bool in C:\Users\WWS\Local Sites\tre-radio\app\public\wp-content\plugins\elementor\includes\managers\image.php on line 113
[02-Mar-2026 08:07:40 UTC] PHP Warning:  Trying to access array offset on value of type bool in C:\Users\WWS\Local Sites\tre-radio\app\public\wp-content\plugins\elementor\includes\managers\image.php on line 113
[02-Mar-2026 08:07:40 UTC] PHP Warning:  Trying to access array offset on value of type bool in C:\Users\WWS\Local Sites\tre-radio\app\public\wp-content\plugins\elementor\includes\managers\image.php on line 113
[02-Mar-2026 08:07:40 UTC] PHP Warning:  Trying to access array offset on value of type bool in C:\Users\WWS\Local Sites\tre-radio\app\public\wp-content\plugins\elementor\includes\managers\image.php on line 113
[02-Mar-2026 08:07:40 UTC] PHP Warning:  Trying to access array offset on value of type bool in C:\Users\WWS\Local Sites\tre-radio\app\public\wp-content\plugins\elementor\includes\managers\image.php on line 113
[02-Mar-2026 08:07:40 UTC] PHP Warning:  Trying to access array offset on value of type bool in C:\Users\WWS\Local Sites\tre-radio\app\public\wp-content\plugins\elementor\includes\managers\image.php on line 113
[02-Mar-2026 08:07:40 UTC] PHP Warning:  Trying to access array offset on value of type bool in C:\Users\WWS\Local Sites\tre-radio\app\public\wp-content\plugins\elementor\includes\managers\image.php on line 113
[02-Mar-2026 08:07:40 UTC] PHP Warning:  Trying to access array offset on value of type bool in C:\Users\WWS\Local Sites\tre-radio\app\public\wp-content\plugins\elementor\includes\managers\image.php on line 113
[16-Mar-2026 09:35:38 UTC] PHP Warning:  Undefined array key "postorder" in C:\Users\WWS\Local Sites\tre-radio\app\public\wp-content\plugins\forcast-plugin\inc\functions.php on line 164
[16-Mar-2026 09:35:38 UTC] PHP Warning:  Undefined array key "pst_per_page" in C:\Users\WWS\Local Sites\tre-radio\app\public\wp-content\plugins\forcast-plugin\inc\functions.php on line 165
[16-Mar-2026 09:35:42 UTC] PHP Warning:  Undefined array key "postorder" in C:\Users\WWS\Local Sites\tre-radio\app\public\wp-content\plugins\forcast-plugin\inc\functions.php on line 164
[16-Mar-2026 09:35:42 UTC] PHP Warning:  Undefined array key "pst_per_page" in C:\Users\WWS\Local Sites\tre-radio\app\public\wp-content\plugins\forcast-plugin\inc\functions.php on line 165
[23-Mar-2026 13:51:22 UTC] PHP Warning:  Undefined property: stdClass::$date_naissance in C:\Users\WWS\Local Sites\tre-radio\app\public\wp-content\themes\forcast\functions.php on line 2431
[23-Mar-2026 13:51:22 UTC] PHP Warning:  Undefined property: stdClass::$genre in C:\Users\WWS\Local Sites\tre-radio\app\public\wp-content\themes\forcast\functions.php on line 2437
[23-Mar-2026 13:51:22 UTC] PHP Warning:  Undefined property: stdClass::$competences in C:\Users\WWS\Local Sites\tre-radio\app\public\wp-content\themes\forcast\functions.php on line 2471
[23-Mar-2026 13:51:22 UTC] PHP Warning:  Undefined property: stdClass::$besoins in C:\Users\WWS\Local Sites\tre-radio\app\public\wp-content\themes\forcast\functions.php on line 2471
[23-Mar-2026 13:51:22 UTC] PHP Warning:  Undefined property: stdClass::$competences in C:\Users\WWS\Local Sites\tre-radio\app\public\wp-content\themes\forcast\functions.php on line 2494
[23-Mar-2026 13:51:22 UTC] PHP Warning:  Undefined property: stdClass::$besoins in C:\Users\WWS\Local Sites\tre-radio\app\public\wp-content\themes\forcast\functions.php on line 2494
[23-Mar-2026 13:51:52 UTC] PHP Warning:  Undefined property: stdClass::$date_naissance in C:\Users\WWS\Local Sites\tre-radio\app\public\wp-content\themes\forcast\functions.php on line 2431
[23-Mar-2026 13:51:52 UTC] PHP Warning:  Undefined property: stdClass::$genre in C:\Users\WWS\Local Sites\tre-radio\app\public\wp-content\themes\forcast\functions.php on line 2437
[23-Mar-2026 13:51:52 UTC] PHP Warning:  Undefined property: stdClass::$competences in C:\Users\WWS\Local Sites\tre-radio\app\public\wp-content\themes\forcast\functions.php on line 2471
[23-Mar-2026 13:51:52 UTC] PHP Warning:  Undefined property: stdClass::$besoins in C:\Users\WWS\Local Sites\tre-radio\app\public\wp-content\themes\forcast\functions.php on line 2471
[23-Mar-2026 13:51:52 UTC] PHP Warning:  Undefined property: stdClass::$competences in C:\Users\WWS\Local Sites\tre-radio\app\public\wp-content\themes\forcast\functions.php on line 2494
[23-Mar-2026 13:51:52 UTC] PHP Warning:  Undefined property: stdClass::$besoins in C:\Users\WWS\Local Sites\tre-radio\app\public\wp-content\themes\forcast\functions.php on line 2494
[25-Mar-2026 15:55:44 UTC] PHP Warning:  Undefined variable $offre in C:\Users\WWS\Local Sites\tre-radio\app\public\wp-content\themes\forcast\functions.php on line 2885
[25-Mar-2026 15:55:44 UTC] PHP Warning:  Attempt to read property "id" on null in C:\Users\WWS\Local Sites\tre-radio\app\public\wp-content\themes\forcast\functions.php on line 2885
[25-Mar-2026 15:55:44 UTC] PHP Warning:  Undefined variable $offre in C:\Users\WWS\Local Sites\tre-radio\app\public\wp-content\themes\forcast\functions.php on line 2889
[25-Mar-2026 15:55:44 UTC] PHP Warning:  Attempt to read property "logo_url" on null in C:\Users\WWS\Local Sites\tre-radio\app\public\wp-content\themes\forcast\functions.php on line 2889
[25-Mar-2026 15:55:44 UTC] PHP Warning:  Undefined variable $offre in C:\Users\WWS\Local Sites\tre-radio\app\public\wp-content\themes\forcast\functions.php on line 2894
[25-Mar-2026 15:55:44 UTC] PHP Warning:  Attempt to read property "nom_entreprise" on null in C:\Users\WWS\Local Sites\tre-radio\app\public\wp-content\themes\forcast\functions.php on line 2894
[25-Mar-2026 15:55:44 UTC] PHP Warning:  Undefined variable $offre in C:\Users\WWS\Local Sites\tre-radio\app\public\wp-content\themes\forcast\functions.php on line 2895
[25-Mar-2026 15:55:44 UTC] PHP Warning:  Attempt to read property "description" on null in C:\Users\WWS\Local Sites\tre-radio\app\public\wp-content\themes\forcast\functions.php on line 2895
[25-Mar-2026 15:55:44 UTC] PHP Warning:  Undefined variable $offre in C:\Users\WWS\Local Sites\tre-radio\app\public\wp-content\themes\forcast\functions.php on line 2896
[25-Mar-2026 15:55:44 UTC] PHP Warning:  Attempt to read property "statut" on null in C:\Users\WWS\Local Sites\tre-radio\app\public\wp-content\themes\forcast\functions.php on line 2896
[25-Mar-2026 15:55:44 UTC] PHP Warning:  Undefined variable $offre in C:\Users\WWS\Local Sites\tre-radio\app\public\wp-content\themes\forcast\functions.php on line 2897
[25-Mar-2026 15:55:44 UTC] PHP Warning:  Attempt to read property "statut" on null in C:\Users\WWS\Local Sites\tre-radio\app\public\wp-content\themes\forcast\functions.php on line 2897
[25-Mar-2026 15:55:44 UTC] PHP Warning:  Undefined variable $offre in C:\Users\WWS\Local Sites\tre-radio\app\public\wp-content\themes\forcast\functions.php on line 2897
[25-Mar-2026 15:55:44 UTC] PHP Warning:  Attempt to read property "statut" on null in C:\Users\WWS\Local Sites\tre-radio\app\public\wp-content\themes\forcast\functions.php on line 2897
[25-Mar-2026 15:55:44 UTC] PHP Warning:  Undefined variable $offre in C:\Users\WWS\Local Sites\tre-radio\app\public\wp-content\themes\forcast\functions.php on line 2901
[25-Mar-2026 15:55:44 UTC] PHP Warning:  Attempt to read property "id" on null in C:\Users\WWS\Local Sites\tre-radio\app\public\wp-content\themes\forcast\functions.php on line 2901
[25-Mar-2026 16:48:11 UTC] WordPress database error Unknown column 'type_service' in 'field list' for query SELECT DISTINCT type_service FROM wp_tre_offres WHERE statut='publiee' AND type_service != '' ORDER BY type_service made by require('wp-blog-header.php'), require_once('wp-includes/template-loader.php'), include('/themes/forcast/page.php'), empath_page_loop, get_template_part, locate_template, load_template, require('/themes/forcast/template-parts/content-page.php'), the_content, apply_filters('the_content'), WP_Hook->apply_filters, do_shortcode, preg_replace_callback, do_shortcode_tag, tre_offres_partenaires_shortcode
[25-Mar-2026 16:50:34 UTC] WordPress database error Unknown column 'type_service' in 'field list' for query 
    SELECT DISTINCT type_service 
    FROM wp_tre_offres 
    WHERE statut = 'publiee' 
    AND type_service IS NOT NULL 
    AND type_service != '' 
    ORDER BY type_service
 made by require('wp-blog-header.php'), require_once('wp-includes/template-loader.php'), include('/themes/forcast/page.php'), empath_page_loop, get_template_part, locate_template, load_template, require('/themes/forcast/template-parts/content-page.php'), the_content, apply_filters('the_content'), WP_Hook->apply_filters, do_shortcode, preg_replace_callback, do_shortcode_tag, tre_offres_partenaires_shortcode
